c:\users\tragen\source\repos\swarmalgorithm\swarmalgorithm\x64\release\particle.obj
c:\users\tragen\source\repos\swarmalgorithm\swarmalgorithm\x64\release\swarm.obj
c:\users\tragen\source\repos\swarmalgorithm\swarmalgorithm\x64\release\swarmalgorithm.obj
c:\users\tragen\source\repos\swarmalgorithm\swarmalgorithm\x64\release\main.obj
c:\users\tragen\source\repos\swarmalgorithm\swarmalgorithm\x64\release\moc_swarmalgorithm.obj
c:\users\tragen\source\repos\swarmalgorithm\swarmalgorithm\x64\release\qrc_swarmalgorithm.obj
c:\users\tragen\source\repos\swarmalgorithm\x64\release\swarmalgorithm.exe
c:\users\tragen\source\repos\swarmalgorithm\swarmalgorithm\x64\release\\moc\moc_swarmalgorithm.cpp
c:\users\tragen\source\repos\swarmalgorithm\swarmalgorithm\x64\release\\rcc\qrc_swarmalgorithm.cpp
c:\users\tragen\source\repos\swarmalgorithm\swarmalgorithm\x64\release\uic\ui_swarmalgorithm.h
c:\users\tragen\source\repos\swarmalgorithm\swarmalgorithm\x64\release\rcc\qrc_swarmalgorithm.cpp
c:\users\tragen\source\repos\swarmalgorithm\swarmalgorithm\x64\release\moc\moc_swarmalgorithm.cpp
c:\users\tragen\source\repos\swarmalgorithm\swarmalgorithm\x64\release\\uic\ui_swarmalgorithm.h
c:\users\tragen\source\repos\swarmalgorithm\swarmalgorithm\x64\release\swarmalgorithm.tlog\cl.13844.write.1.tlog
c:\users\tragen\source\repos\swarmalgorithm\swarmalgorithm\x64\release\swarmalgorithm.tlog\cl.command.1.tlog
c:\users\tragen\source\repos\swarmalgorithm\swarmalgorithm\x64\release\swarmalgorithm.tlog\cl.read.1.tlog
c:\users\tragen\source\repos\swarmalgorithm\swarmalgorithm\x64\release\swarmalgorithm.tlog\link.command.1.tlog
c:\users\tragen\source\repos\swarmalgorithm\swarmalgorithm\x64\release\swarmalgorithm.tlog\link.read.1.tlog
c:\users\tragen\source\repos\swarmalgorithm\swarmalgorithm\x64\release\swarmalgorithm.tlog\link.write.1.tlog
c:\users\tragen\source\repos\swarmalgorithm\swarmalgorithm\x64\release\swarmalgorithm.tlog\moc.read.1u.tlog
c:\users\tragen\source\repos\swarmalgorithm\swarmalgorithm\x64\release\swarmalgorithm.tlog\moc.write.1u.tlog
c:\users\tragen\source\repos\swarmalgorithm\swarmalgorithm\x64\release\swarmalgorithm.tlog\rcc.read.1u.tlog
c:\users\tragen\source\repos\swarmalgorithm\swarmalgorithm\x64\release\swarmalgorithm.tlog\rcc.write.1u.tlog
c:\users\tragen\source\repos\swarmalgorithm\swarmalgorithm\x64\release\swarmalgorithm.tlog\swarmalgorithm.write.1u.tlog
c:\users\tragen\source\repos\swarmalgorithm\swarmalgorithm\x64\release\swarmalgorithm.tlog\uic.read.1u.tlog
c:\users\tragen\source\repos\swarmalgorithm\swarmalgorithm\x64\release\swarmalgorithm.tlog\uic.write.1u.tlog
